<?xml version="1.0" encoding="UTF-8"?>
<testsuite xmlns:xsi="http://www.w3.org/2001/XMLSchema-instance" xsi:schemaLocation="https://maven.apache.org/surefire/maven-surefire-plugin/xsd/surefire-test-report.xsd" name="io.netty.bootstrap.BootstrapTest" time="6.091" tests="8" errors="0" skipped="0" failures="0">
  <properties>
    <property name="os.detected.version" value="10.0"/>
    <property name="idea.version" value="2017.3.1"/>
    <property name="java.runtime.name" value="Java(TM) SE Runtime Environment"/>
    <property name="sun.boot.library.path" value="C:\Users\zhang_000\Software\SDK\java\jre\bin"/>
    <property name="java.vm.version" value="25.65-b01"/>
    <property name="java.vm.vendor" value="Oracle Corporation"/>
    <property name="maven.multiModuleProjectDirectory" value="C:\Users\zhang_000\workspace\netty4.1\transport"/>
    <property name="java.vendor.url" value="http://java.oracle.com/"/>
    <property name="os.detected.version.minor" value="0"/>
    <property name="path.separator" value=";"/>
    <property name="guice.disable.misplaced.annotation.check" value="true"/>
    <property name="java.vm.name" value="Java HotSpot(TM) 64-Bit Server VM"/>
    <property name="file.encoding.pkg" value="sun.io"/>
    <property name="user.script" value=""/>
    <property name="user.country" value="US"/>
    <property name="sun.java.launcher" value="SUN_STANDARD"/>
    <property name="sun.os.patch.level" value=""/>
    <property name="java.vm.specification.name" value="Java Virtual Machine Specification"/>
    <property name="user.dir" value="C:\Users\zhang_000\workspace\netty4.1\transport"/>
    <property name="java.runtime.version" value="1.8.0_65-b17"/>
    <property name="java.awt.graphicsenv" value="sun.awt.Win32GraphicsEnvironment"/>
    <property name="java.endorsed.dirs" value="C:\Users\zhang_000\Software\SDK\java\jre\lib\endorsed"/>
    <property name="os.arch" value="amd64"/>
    <property name="java.io.tmpdir" value="C:\Users\ZHANG_~1\AppData\Local\Temp\"/>
    <property name="line.separator" value="&#10;"/>
    <property name="java.vm.specification.vendor" value="Oracle Corporation"/>
    <property name="user.variant" value=""/>
    <property name="os.detected.version.major" value="10"/>
    <property name="os.name" value="Windows 10"/>
    <property name="os.detected.classifier" value="windows-x86_64"/>
    <property name="classworlds.conf" value="C:\Users\zhang_000\Software\IntelliJIDEA\plugins\maven\lib\maven3\bin\m2.conf"/>
    <property name="sun.jnu.encoding" value="GBK"/>
    <property name="java.library.path" value="C:\Users\zhang_000\Software\SDK\java\bin;C:\WINDOWS\Sun\Java\bin;C:\WINDOWS\system32;C:\WINDOWS;C:\USERS\ZHANG_000\SOFTWARE\PYTHON27\;C:\USERS\ZHANG_000\SOFTWARE\PYTHON27\SCRIPTS;C:\PROGRAM FILES (X86)\LENOVO\FUSIONENGINE;C:\PROGRAM FILES (X86)\INTEL\ICLS CLIENT\;C:\PROGRAM FILES\INTEL\ICLS CLIENT\;C:\WINDOWS\SYSTEM32;C:\WINDOWS;C:\WINDOWS\SYSTEM32\WBEM;C:\WINDOWS\SYSTEM32\WINDOWSPOWERSHELL\V1.0\;C:\PROGRAM FILES\INTEL\INTEL(R) MANAGEMENT ENGINE COMPONENTS\DAL;C:\PROGRAM FILES\INTEL\INTEL(R) MANAGEMENT ENGINE COMPONENTS\IPT;C:\PROGRAM FILES (X86)\INTEL\INTEL(R) MANAGEMENT ENGINE COMPONENTS\DAL;C:\PROGRAM FILES (X86)\INTEL\INTEL(R) MANAGEMENT ENGINE COMPONENTS\IPT;;C:\PROGRAM FILES (X86)\LENOVO\MOTION CONTROL\;C:\PROGRAM FILES (X86)\NVIDIA CORPORATION\PHYSX\COMMON;C:\USERS\ZHANG_000\SOFTWARE\MIKTEX 2.9\MIKTEX\BIN\X64\;C:\USERS\ZHANG_000\SOFTWARE\PYTHON27\PYTHON.EXE;C:\WINDOWS\SYSTEM32;C:\WINDOWS;C:\WINDOWS\SYSTEM32\WBEM;C:\WINDOWS\SYSTEM32\WINDOWSPOWERSHELL\V1.0\;C:\Users\zhang_000\Software\SDK\java\BIN;C:\CYGWIN64\BIN;C:\USERS\ZHANG_000\SOFTWARE\SDK\COMPILER\MINGW64\BIN;C:\USERS\ZHANG_000\SOFTWARE\SDK\PANDOC\;C:\USERS\ZHANG_000\SOFTWARE\GIT\CMD;C:\USERS\ZHANG_000\SOFTWARE\CALIBRE\;C:\PROGRAM FILES (X86)\SKYPE\PHONE\;C:\Program Files\Lenovo\Bluetooth Software\;C:\Program Files\Lenovo\Bluetooth Software\syswow64;C:\WINDOWS\system32;C:\WINDOWS;C:\WINDOWS\System32\Wbem;C:\WINDOWS\System32\WindowsPowerShell\v1.0\;C:\Users\zhang_000\Software\SDK\Anaconda2;C:\Users\zhang_000\Software\SDK\Anaconda2\Scripts;C:\Users\zhang_000\Software\SDK\Anaconda2\Library\bin;C:\Users\zhang_000\AppData\Local\Microsoft\WindowsApps;C:\Users\zhang_000\Software\SDK\apache-maven-3.3.9\bin;C:\Users\zhang_000\Software\SDK\gnuplot\bin;C:\Users\zhang_000\AppData\Local\atom\bin;C:\Users\zhang_000\Software\Microsoft VS Code\bin;C:\Users\zhang_000\AppData\Local\Microsoft\WindowsApps;;."/>
    <property name="os.detected.arch" value="x86_64"/>
    <property name="java.class.version" value="52.0"/>
    <property name="java.specification.name" value="Java Platform API Specification"/>
    <property name="sun.management.compiler" value="HotSpot 64-Bit Tiered Compilers"/>
    <property name="os.detected.name" value="windows"/>
    <property name="os.version" value="10.0"/>
    <property name="user.home" value="C:\Users\zhang_000"/>
    <property name="user.timezone" value="America/Chicago"/>
    <property name="java.awt.printerjob" value="sun.awt.windows.WPrinterJob"/>
    <property name="java.specification.version" value="1.8"/>
    <property name="file.encoding" value="UTF-8"/>
    <property name="user.name" value="zhang_000"/>
    <property name="java.class.path" value="C:\Users\zhang_000\Software\IntelliJIDEA\plugins\maven\lib\maven3\boot\plexus-classworlds-2.5.2.jar;C:\Users\zhang_000\Software\IntelliJIDEA\lib\idea_rt.jar"/>
    <property name="java.vm.specification.version" value="1.8"/>
    <property name="sun.arch.data.model" value="64"/>
    <property name="java.home" value="C:\Users\zhang_000\Software\SDK\java\jre"/>
    <property name="sun.java.command" value="org.codehaus.classworlds.Launcher -Didea.version=2017.3.1 install"/>
    <property name="java.specification.vendor" value="Oracle Corporation"/>
    <property name="user.language" value="en"/>
    <property name="awt.toolkit" value="sun.awt.windows.WToolkit"/>
    <property name="java.vm.info" value="mixed mode"/>
    <property name="java.version" value="1.8.0_65"/>
    <property name="java.ext.dirs" value="C:\Users\zhang_000\Software\SDK\java\jre\lib\ext;C:\WINDOWS\Sun\Java\lib\ext"/>
    <property name="sun.boot.class.path" value="C:\Users\zhang_000\Software\SDK\java\jre\lib\resources.jar;C:\Users\zhang_000\Software\SDK\java\jre\lib\rt.jar;C:\Users\zhang_000\Software\SDK\java\jre\lib\sunrsasign.jar;C:\Users\zhang_000\Software\SDK\java\jre\lib\jsse.jar;C:\Users\zhang_000\Software\SDK\java\jre\lib\jce.jar;C:\Users\zhang_000\Software\SDK\java\jre\lib\charsets.jar;C:\Users\zhang_000\Software\SDK\java\jre\lib\jfr.jar;C:\Users\zhang_000\Software\SDK\java\jre\classes"/>
    <property name="java.vendor" value="Oracle Corporation"/>
    <property name="maven.home" value="C:\Users\zhang_000\Software\IntelliJIDEA\plugins\maven\lib\maven3"/>
    <property name="file.separator" value="\"/>
    <property name="java.vendor.url.bug" value="http://bugreport.sun.com/bugreport/"/>
    <property name="sun.cpu.endian" value="little"/>
    <property name="sun.io.unicode.encoding" value="UnicodeLittle"/>
    <property name="sun.desktop" value="windows"/>
    <property name="sun.cpu.isalist" value="amd64"/>
  </properties>
  <testcase name="testChannelFactoryFailureNotifiesPromise" classname="io.netty.bootstrap.BootstrapTest" time="0"/>
  <testcase name="testLateRegisterSuccess" classname="io.netty.bootstrap.BootstrapTest" time="1.978"/>
  <testcase name="testLateRegistrationConnect" classname="io.netty.bootstrap.BootstrapTest" time="0.001"/>
  <testcase name="testConnectDeadLock" classname="io.netty.bootstrap.BootstrapTest" time="0.037"/>
  <testcase name="testLateRegisterSuccessBindFailed" classname="io.netty.bootstrap.BootstrapTest" time="2.029"/>
  <testcase name="testBindDeadLock" classname="io.netty.bootstrap.BootstrapTest" time="0.027"/>
  <testcase name="testAsyncResolutionSuccess" classname="io.netty.bootstrap.BootstrapTest" time="0.003"/>
  <testcase name="testAsyncResolutionFailure" classname="io.netty.bootstrap.BootstrapTest" time="0.005"/>
</testsuite>